Build started 11/05/2017 10:48:10.
     1>Project "Z:\Year 2\G52CPP\V2\src\CourseworkBase.vcxproj" on node 2 (Build target(s)).
     1>ClCompile:
         C:\Program Files (x86)\Microsoft Visual Studio 12.0\VC\bin\CL.exe /c /I..\SDL\include /ZI /nologo /W1 /WX- /Od /Oy- /Gm- /EHsc /MD /GS /fp:precise /Zc:wchar_t /Zc:forScope /Fo"Z:\Year 2\G52CPP\V2\/Debug\\" /Fd"Z:\Year 2\G52CPP\V2\/Debug\vc120.pdb" /FR"Z:\Year 2\G52CPP\V2\/Debug\\" /Gd /TP /analyze- /errorReport:prompt Character.cpp Enemy.cpp GameOver.cpp Ghost.cpp Hero.cpp LKREngine.cpp LKRTileManager.cpp mainfunction.cpp BaseEngine.cpp DisplayableObject.cpp FontManager.cpp JPGImage.cpp Menu.cpp Playing.cpp Reaper.cpp Spider.cpp Sprite.cpp Stage.cpp TileManager.cpp
         Character.cpp
         Enemy.cpp
         GameOver.cpp
         Ghost.cpp
         Hero.cpp
         LKREngine.cpp
         LKRTileManager.cpp
         mainfunction.cpp
         BaseEngine.cpp
         DisplayableObject.cpp
         FontManager.cpp
         JPGImage.cpp
         Menu.cpp
         Playing.cpp
         Reaper.cpp
         Spider.cpp
         Sprite.cpp
         Stage.cpp
         TileManager.cpp
         Generating Code...
       Link:
         C:\Program Files (x86)\Microsoft Visual Studio 12.0\VC\bin\link.exe /ERRORREPORT:PROMPT /OUT:"Z:\Year 2\G52CPP\V2\/Debug\CourseworkBase.exe" /NOLOGO /LIBPATH:..\SDL\libx86 SDL2.lib SDL2main.lib SDL2_image.lib SDL2_ttf.lib kernel32.lib user32.lib gdi32.lib winspool.lib comdlg32.lib advapi32.lib shell32.lib ole32.lib oleaut32.lib uuid.lib odbc32.lib odbccp32.lib /MANIFEST /MANIFESTUAC:"level='asInvoker' uiAccess='false'" /manifest:embed /DEBUG /PDB:"Z:\Year 2\G52CPP\V2\/Debug\CourseworkBase.pdb" /MAP:"map" /SUBSYSTEM:CONSOLE /TLBID:1 /ENTRY:"mainCRTStartup" /DYNAMICBASE:NO /IMPLIB:"Z:\Year 2\G52CPP\V2\/Debug\CourseworkBase.lib" /MACHINE:X86 /SAFESEH "Z:\Year 2\G52CPP\V2\/Debug\Character.obj"
         "Z:\Year 2\G52CPP\V2\/Debug\Enemy.obj"
         "Z:\Year 2\G52CPP\V2\/Debug\GameOver.obj"
         "Z:\Year 2\G52CPP\V2\/Debug\Ghost.obj"
         "Z:\Year 2\G52CPP\V2\/Debug\Hero.obj"
         "Z:\Year 2\G52CPP\V2\/Debug\LKREngine.obj"
         "Z:\Year 2\G52CPP\V2\/Debug\LKRTileManager.obj"
         "Z:\Year 2\G52CPP\V2\/Debug\mainfunction.obj"
         "Z:\Year 2\G52CPP\V2\/Debug\BaseEngine.obj"
         "Z:\Year 2\G52CPP\V2\/Debug\DisplayableObject.obj"
         "Z:\Year 2\G52CPP\V2\/Debug\FontManager.obj"
         "Z:\Year 2\G52CPP\V2\/Debug\JPGImage.obj"
         "Z:\Year 2\G52CPP\V2\/Debug\Menu.obj"
         "Z:\Year 2\G52CPP\V2\/Debug\Playing.obj"
         "Z:\Year 2\G52CPP\V2\/Debug\Reaper.obj"
         "Z:\Year 2\G52CPP\V2\/Debug\Spider.obj"
         "Z:\Year 2\G52CPP\V2\/Debug\Sprite.obj"
         "Z:\Year 2\G52CPP\V2\/Debug\Stage.obj"
         "Z:\Year 2\G52CPP\V2\/Debug\TileManager.obj"
     1>Character.obj : warning LNK4075: ignoring '/EDITANDCONTINUE' due to '/SAFESEH' specification
         CourseworkBase.vcxproj -> Z:\Year 2\G52CPP\V2\/Debug\CourseworkBase.exe
       BscMake:
         C:\Program Files (x86)\Microsoft Visual Studio 12.0\VC\bin\bscmake.exe /nologo /o"Z:\Year 2\G52CPP\V2\/Debug\CourseworkBase.bsc" "Z:\Year 2\G52CPP\V2\/Debug\Character.sbr" "Z:\Year 2\G52CPP\V2\/Debug\Enemy.sbr" "Z:\Year 2\G52CPP\V2\/Debug\GameOver.sbr" "Z:\Year 2\G52CPP\V2\/Debug\Ghost.sbr" "Z:\Year 2\G52CPP\V2\/Debug\Hero.sbr" "Z:\Year 2\G52CPP\V2\/Debug\LKREngine.sbr" "Z:\Year 2\G52CPP\V2\/Debug\LKRTileManager.sbr" "Z:\Year 2\G52CPP\V2\/Debug\mainfunction.sbr" "Z:\Year 2\G52CPP\V2\/Debug\BaseEngine.sbr" "Z:\Year 2\G52CPP\V2\/Debug\DisplayableObject.sbr" "Z:\Year 2\G52CPP\V2\/Debug\FontManager.sbr" "Z:\Year 2\G52CPP\V2\/Debug\JPGImage.sbr" "Z:\Year 2\G52CPP\V2\/Debug\Menu.sbr" "Z:\Year 2\G52CPP\V2\/Debug\Playing.sbr" "Z:\Year 2\G52CPP\V2\/Debug\Reaper.sbr" "Z:\Year 2\G52CPP\V2\/Debug\Spider.sbr" "Z:\Year 2\G52CPP\V2\/Debug\Sprite.sbr" "Z:\Year 2\G52CPP\V2\/Debug\Stage.sbr" "Z:\Year 2\G52CPP\V2\/Debug\TileManager.sbr"
     1>Done Building Project "Z:\Year 2\G52CPP\V2\src\CourseworkBase.vcxproj" (Build target(s)).

Build succeeded.

Time Elapsed 00:00:12.02
