c:\users\luke\documents\visual studio 2013\projects\cpp_cw2016\debug\courseworkbase.bsc
c:\users\luke\documents\visual studio 2013\projects\cpp_cw2016\debug\vc120.pdb
c:\users\luke\documents\visual studio 2013\projects\cpp_cw2016\debug\vc120.idb
c:\users\luke\documents\visual studio 2013\projects\cpp_cw2016\debug\character.sbr
c:\users\luke\documents\visual studio 2013\projects\cpp_cw2016\debug\enemy.sbr
c:\users\luke\documents\visual studio 2013\projects\cpp_cw2016\debug\gameover.sbr
c:\users\luke\documents\visual studio 2013\projects\cpp_cw2016\debug\ghost.sbr
c:\users\luke\documents\visual studio 2013\projects\cpp_cw2016\debug\hero.sbr
c:\users\luke\documents\visual studio 2013\projects\cpp_cw2016\debug\lkrengine.sbr
c:\users\luke\documents\visual studio 2013\projects\cpp_cw2016\debug\lkrtilemanager.sbr
c:\users\luke\documents\visual studio 2013\projects\cpp_cw2016\debug\mainfunction.sbr
c:\users\luke\documents\visual studio 2013\projects\cpp_cw2016\debug\baseengine.sbr
c:\users\luke\documents\visual studio 2013\projects\cpp_cw2016\debug\displayableobject.sbr
c:\users\luke\documents\visual studio 2013\projects\cpp_cw2016\debug\fontmanager.sbr
c:\users\luke\documents\visual studio 2013\projects\cpp_cw2016\debug\jpgimage.sbr
c:\users\luke\documents\visual studio 2013\projects\cpp_cw2016\debug\menu.sbr
c:\users\luke\documents\visual studio 2013\projects\cpp_cw2016\debug\playing.sbr
c:\users\luke\documents\visual studio 2013\projects\cpp_cw2016\debug\reaper.sbr
c:\users\luke\documents\visual studio 2013\projects\cpp_cw2016\debug\spider.sbr
c:\users\luke\documents\visual studio 2013\projects\cpp_cw2016\debug\sprite.sbr
c:\users\luke\documents\visual studio 2013\projects\cpp_cw2016\debug\stage.sbr
c:\users\luke\documents\visual studio 2013\projects\cpp_cw2016\debug\tilemanager.sbr
c:\users\luke\documents\visual studio 2013\projects\cpp_cw2016\debug\tilemanager.nativecodeanalysis.xml
c:\users\luke\documents\visual studio 2013\projects\cpp_cw2016\debug\stage.nativecodeanalysis.xml
c:\users\luke\documents\visual studio 2013\projects\cpp_cw2016\debug\sprite.nativecodeanalysis.xml
c:\users\luke\documents\visual studio 2013\projects\cpp_cw2016\debug\spider.nativecodeanalysis.xml
c:\users\luke\documents\visual studio 2013\projects\cpp_cw2016\debug\reaper.nativecodeanalysis.xml
c:\users\luke\documents\visual studio 2013\projects\cpp_cw2016\debug\playing.nativecodeanalysis.xml
c:\users\luke\documents\visual studio 2013\projects\cpp_cw2016\debug\menu.nativecodeanalysis.xml
c:\users\luke\documents\visual studio 2013\projects\cpp_cw2016\debug\jpgimage.nativecodeanalysis.xml
c:\users\luke\documents\visual studio 2013\projects\cpp_cw2016\debug\fontmanager.nativecodeanalysis.xml
c:\users\luke\documents\visual studio 2013\projects\cpp_cw2016\debug\displayableobject.nativecodeanalysis.xml
c:\users\luke\documents\visual studio 2013\projects\cpp_cw2016\debug\baseengine.nativecodeanalysis.xml
c:\users\luke\documents\visual studio 2013\projects\cpp_cw2016\debug\mainfunction.nativecodeanalysis.xml
c:\users\luke\documents\visual studio 2013\projects\cpp_cw2016\debug\lkrtilemanager.nativecodeanalysis.xml
c:\users\luke\documents\visual studio 2013\projects\cpp_cw2016\debug\lkrengine.nativecodeanalysis.xml
c:\users\luke\documents\visual studio 2013\projects\cpp_cw2016\debug\hero.nativecodeanalysis.xml
c:\users\luke\documents\visual studio 2013\projects\cpp_cw2016\debug\ghost.nativecodeanalysis.xml
c:\users\luke\documents\visual studio 2013\projects\cpp_cw2016\debug\gameover.nativecodeanalysis.xml
c:\users\luke\documents\visual studio 2013\projects\cpp_cw2016\debug\enemy.nativecodeanalysis.xml
c:\users\luke\documents\visual studio 2013\projects\cpp_cw2016\debug\character.nativecodeanalysis.xml
c:\users\luke\documents\visual studio 2013\projects\cpp_cw2016\debug\character.obj
c:\users\luke\documents\visual studio 2013\projects\cpp_cw2016\debug\enemy.obj
c:\users\luke\documents\visual studio 2013\projects\cpp_cw2016\debug\gameover.obj
c:\users\luke\documents\visual studio 2013\projects\cpp_cw2016\debug\ghost.obj
c:\users\luke\documents\visual studio 2013\projects\cpp_cw2016\debug\hero.obj
c:\users\luke\documents\visual studio 2013\projects\cpp_cw2016\debug\lkrengine.obj
c:\users\luke\documents\visual studio 2013\projects\cpp_cw2016\debug\lkrtilemanager.obj
c:\users\luke\documents\visual studio 2013\projects\cpp_cw2016\debug\mainfunction.obj
c:\users\luke\documents\visual studio 2013\projects\cpp_cw2016\debug\baseengine.obj
c:\users\luke\documents\visual studio 2013\projects\cpp_cw2016\debug\displayableobject.obj
c:\users\luke\documents\visual studio 2013\projects\cpp_cw2016\debug\fontmanager.obj
c:\users\luke\documents\visual studio 2013\projects\cpp_cw2016\debug\jpgimage.obj
c:\users\luke\documents\visual studio 2013\projects\cpp_cw2016\debug\menu.obj
c:\users\luke\documents\visual studio 2013\projects\cpp_cw2016\debug\playing.obj
c:\users\luke\documents\visual studio 2013\projects\cpp_cw2016\debug\reaper.obj
c:\users\luke\documents\visual studio 2013\projects\cpp_cw2016\debug\spider.obj
c:\users\luke\documents\visual studio 2013\projects\cpp_cw2016\debug\sprite.obj
c:\users\luke\documents\visual studio 2013\projects\cpp_cw2016\debug\stage.obj
c:\users\luke\documents\visual studio 2013\projects\cpp_cw2016\debug\tilemanager.obj
c:\users\luke\documents\visual studio 2013\projects\cpp_cw2016\debug\courseworkbase.ilk
c:\users\luke\documents\visual studio 2013\projects\cpp_cw2016\debug\courseworkbase.exe
c:\users\luke\documents\visual studio 2013\projects\cpp_cw2016\src\map
c:\users\luke\documents\visual studio 2013\projects\cpp_cw2016\debug\courseworkbase.pdb
c:\users\luke\documents\visual studio 2013\projects\cpp_cw2016\debug\nativecodeanalysis.read.1.tlog
c:\users\luke\documents\visual studio 2013\projects\cpp_cw2016\debug\vc.nativecodeanalysis.all.xml
c:\users\luke\documents\visual studio 2013\projects\cpp_cw2016\/debug\courseworkbase.pdb
c:\users\luke\documents\visual studio 2013\projects\cpp_cw2016\/debug\courseworkbase.exe
c:\users\luke\documents\visual studio 2013\projects\cpp_cw2016\/debug\courseworkbase.bsc
c:\users\luke\documents\visual studio 2013\projects\cpp_cw2016\/debug\courseworkbase.ilk
c:\users\luke\documents\visual studio 2013\projects\cpp_cw2016\/debug\courseworkbase.exe.lastcodeanalysissucceeded
c:\users\luke\documents\visual studio 2013\projects\cpp_cw2016\debug\courseworkbase.tlog\bscmake.command.1.tlog
c:\users\luke\documents\visual studio 2013\projects\cpp_cw2016\debug\courseworkbase.tlog\bscmake.read.1.tlog
c:\users\luke\documents\visual studio 2013\projects\cpp_cw2016\debug\courseworkbase.tlog\bscmake.write.1.tlog
c:\users\luke\documents\visual studio 2013\projects\cpp_cw2016\debug\courseworkbase.tlog\cl.command.1.tlog
c:\users\luke\documents\visual studio 2013\projects\cpp_cw2016\debug\courseworkbase.tlog\cl.read.1.tlog
c:\users\luke\documents\visual studio 2013\projects\cpp_cw2016\debug\courseworkbase.tlog\cl.write.1.tlog
c:\users\luke\documents\visual studio 2013\projects\cpp_cw2016\debug\courseworkbase.tlog\link.command.1.tlog
c:\users\luke\documents\visual studio 2013\projects\cpp_cw2016\debug\courseworkbase.tlog\link.read.1.tlog
c:\users\luke\documents\visual studio 2013\projects\cpp_cw2016\debug\courseworkbase.tlog\link.write.1.tlog
